[2025-01-12 14:45:43] 域名或文件路径不能为空，请指定参数！
[2025-01-12 14:46:52] 域名或文件路径不能为空，请指定参数！
[2025-01-12 14:47:01] 域名或文件路径不能为空，请指定参数！
[2025-01-12 14:47:25] Domain Address：www.baidu.com
[2025-01-12 14:47:25] [*] 域名CNAME命中指纹:百度旗下业务地域负载均衡系统
[2025-01-12 14:47:25] 目标域名可能使用CDN服务！

[2025-01-12 14:47:35] Domain Address：www.baidu.com
[2025-01-12 14:47:35] [*] 域名CNAME命中指纹:百度旗下业务地域负载均衡系统
[2025-01-12 14:47:35] 目标域名可能使用CDN服务！

[2025-01-12 14:47:48] 域名或文件路径不能为空，请指定参数！
[2025-01-12 14:47:58] Domain Address：www.baidu.com
[2025-01-12 14:47:59] [*] 域名CNAME命中指纹:百度旗下业务地域负载均衡系统
[2025-01-12 14:47:59] 目标域名可能使用CDN服务！

[2025-01-12 14:49:03] 域名或文件路径不能为空，请指定参数！
[2025-01-12 14:49:13] Domain Address：www.baidu.com
[2025-01-12 14:49:14] [*] 域名CNAME命中指纹:百度旗下业务地域负载均衡系统
[2025-01-12 14:49:14] 目标域名可能使用CDN服务！

[2025-01-12 14:50:38] 域名或文件路径不能为空，请指定参数！
[2025-01-12 14:51:17] Domain Address：www.baidu.com
[2025-01-12 14:51:17] [*] 域名CNAME命中指纹:百度旗下业务地域负载均衡系统
[2025-01-12 14:51:17] 目标域名可能使用CDN服务！

[2025-01-12 14:51:17] Domain Address：www.jd.com
[2025-01-12 14:51:17] [*] 域名指向多个IP地址，且不在同一网段，该域名可能使用了CDN技术 
[2025-01-12 14:51:19] [*] 域名CNAME命中指纹:京东云 CDN
[2025-01-12 14:51:19] 目标域名可能使用CDN服务！

[2025-01-12 14:51:19] Domain Address：www.alibaba.com
[2025-01-12 14:51:19] [*] 域名指向多个IP地址，且不在同一网段，该域名可能使用了CDN技术 
[2025-01-12 14:51:19] [*] 域名CNAME存在CDN关键字
[2025-01-12 14:51:19] 目标域名可能使用CDN服务！

[2025-01-12 14:51:19] Domain Address：www.youtube.com
[2025-01-12 14:51:20] [*] 域名指向多个IP地址，且不在同一网段，该域名可能使用了CDN技术 
[2025-01-12 14:51:20] [*] 境外CDNcheck判定使用CDN服务：google
[2025-01-12 14:51:23] 目标域名可能使用CDN服务！

[2025-01-12 14:51:29] Domain Address：www.baidu.com
[2025-01-12 14:51:30] [*] 域名CNAME命中指纹:百度旗下业务地域负载均衡系统
[2025-01-12 14:51:30] 目标域名可能使用CDN服务！

[2025-01-12 14:51:30] Domain Address：www.jd.com
[2025-01-12 14:51:30] [*] 域名指向多个IP地址，且不在同一网段，该域名可能使用了CDN技术 
[2025-01-12 14:51:30] [*] 域名CNAME命中指纹:京东云 CDN
[2025-01-12 14:51:30] 目标域名可能使用CDN服务！

[2025-01-12 14:51:30] Domain Address：www.alibaba.com
[2025-01-12 14:51:30] [*] 域名指向多个IP地址，且不在同一网段，该域名可能使用了CDN技术 
[2025-01-12 14:51:30] [*] 域名CNAME存在CDN关键字
[2025-01-12 14:51:30] 目标域名可能使用CDN服务！

[2025-01-12 14:51:30] Domain Address：www.youtube.com
[2025-01-12 14:51:30] [*] 域名指向多个IP地址，且不在同一网段，该域名可能使用了CDN技术 
[2025-01-12 14:51:34] [*] 境外CDNcheck判定使用CDN服务：google
[2025-01-12 14:51:37] 目标域名可能使用CDN服务！

[2025-01-12 14:51:50] Domain Address：www.baidu.com
[2025-01-12 14:51:51] [*] 域名CNAME命中指纹:百度旗下业务地域负载均衡系统
[2025-01-12 14:51:51] 目标域名可能使用CDN服务！

[2025-01-12 14:51:51] Domain Address：www.jd.com
[2025-01-12 14:51:51] [*] 域名指向多个IP地址，且不在同一网段，该域名可能使用了CDN技术 
[2025-01-12 14:51:51] [*] 域名CNAME命中指纹:京东云 CDN
[2025-01-12 14:51:51] 目标域名可能使用CDN服务！

[2025-01-12 14:51:51] Domain Address：www.alibaba.com
[2025-01-12 14:51:51] [*] 域名指向多个IP地址，且不在同一网段，该域名可能使用了CDN技术 
[2025-01-12 14:51:51] [*] 域名CNAME存在CDN关键字
[2025-01-12 14:51:51] 目标域名可能使用CDN服务！

[2025-01-12 14:51:51] Domain Address：www.youtube.com
[2025-01-12 14:51:51] [*] 域名指向多个IP地址，且不在同一网段，该域名可能使用了CDN技术 
[2025-01-12 14:51:51] [*] 境外CDNcheck判定使用CDN服务：google
[2025-01-12 14:52:12] Domain Address：www.baidu.com
[2025-01-12 14:52:13] [*] 域名CNAME命中指纹:百度旗下业务地域负载均衡系统
[2025-01-12 14:52:13] 目标域名可能使用CDN服务！

[2025-01-12 14:52:13] Domain Address：www.jd.com
[2025-01-12 14:52:13] [*] 域名指向多个IP地址，且不在同一网段，该域名可能使用了CDN技术 
[2025-01-12 14:52:13] [*] 域名CNAME命中指纹:京东云 CDN
[2025-01-12 14:52:13] 目标域名可能使用CDN服务！

[2025-01-12 14:52:13] Domain Address：www.alibaba.com
[2025-01-12 14:52:13] [*] 域名CNAME存在CDN关键字
[2025-01-12 14:52:13] 目标域名可能使用CDN服务！

[2025-01-12 14:52:13] Domain Address：www.youtube.com
[2025-01-12 14:52:13] [*] 域名指向多个IP地址，且不在同一网段，该域名可能使用了CDN技术 
[2025-01-12 14:52:16] [*] 境外CDNcheck判定使用CDN服务：google
[2025-01-12 14:52:19] 目标域名可能使用CDN服务！

[2025-01-12 14:52:30] Domain Address：www.baidu.com
[2025-01-12 14:52:30] [*] 域名CNAME命中指纹:百度旗下业务地域负载均衡系统
[2025-01-12 14:52:30] 目标域名可能使用CDN服务！

[2025-01-12 14:52:30] Domain Address：www.jd.com
[2025-01-12 14:52:30] [*] 域名指向多个IP地址，且不在同一网段，该域名可能使用了CDN技术 
[2025-01-12 14:52:31] [*] 域名CNAME命中指纹:京东云 CDN
[2025-01-12 14:52:31] 目标域名可能使用CDN服务！

[2025-01-12 14:52:31] Domain Address：www.alibaba.com
[2025-01-12 14:52:31] [*] 域名CNAME存在CDN关键字
[2025-01-12 14:52:31] 目标域名可能使用CDN服务！

[2025-01-12 14:52:31] Domain Address：www.youtube.com
[2025-01-12 14:52:31] [*] 域名指向多个IP地址，且不在同一网段，该域名可能使用了CDN技术 
[2025-01-12 14:52:31] [*] 境外CDNcheck判定使用CDN服务：google
[2025-01-12 14:52:34] 目标域名可能使用CDN服务！

[2025-01-12 14:57:33] Domain Address：www.baidu.com
[2025-01-12 14:57:33] [*] 域名CNAME命中指纹:百度旗下业务地域负载均衡系统
[2025-01-12 14:57:33] 目标域名可能使用CDN服务！

[2025-01-12 14:57:33] Domain Address：www.jd.com
[2025-01-12 14:57:33] [*] 域名指向多个IP地址，且不在同一网段，该域名可能使用了CDN技术 
[2025-01-12 14:57:34] [*] 域名CNAME命中指纹:京东云 CDN
[2025-01-12 14:57:34] 目标域名可能使用CDN服务！

[2025-01-12 14:57:34] Domain Address：www.alibaba.com
[2025-01-12 14:57:34] [*] 域名CNAME存在CDN关键字
[2025-01-12 14:57:34] 目标域名可能使用CDN服务！

[2025-01-12 14:57:34] Domain Address：www.youtube.com
[2025-01-12 14:57:34] [*] 域名指向多个IP地址，且不在同一网段，该域名可能使用了CDN技术 
[2025-01-12 14:57:37] [*] 境外CDNcheck判定使用CDN服务：google
[2025-01-12 14:57:40] 目标域名可能使用CDN服务！

[2025-01-15 11:31:19] Domain Address：ZoomEye:
[2025-01-15 11:31:19] 非合法域名地址，请检查域名格式！

[2025-01-15 11:31:19] Domain Address：    page <Number>       查询返回页数(默认查询一页)
[2025-01-15 11:31:19] 非合法域名地址，请检查域名格式！

[2025-01-15 11:31:19] Domain Address：    size <Number>.      设置每页搜索数量(默认值为每页查询10条)
[2025-01-15 11:31:19] 非合法域名地址，请检查域名格式！

[2025-01-15 11:31:19] Domain Address：    fields <fields>     设置响应字段信息，具体以readme给出字段为准
[2025-01-15 11:31:19] 非合法域名地址，请检查域名格式！

[2025-01-15 11:31:19] Domain Address：    dtype <0/1>         查询关联域名/子域名(设置0为查询关联域名，反之为子域名)
[2025-01-15 11:31:19] 非合法域名地址，请检查域名格式！

[2025-01-15 11:31:19] Domain Address：    stype <v4/v6>       设置获取数据类型IPV4或IPV6，默认为 ipv4,ipv6 全选
[2025-01-15 11:31:19] 非合法域名地址，请检查域名格式！

[2025-01-15 11:31:19] Domain Address：    btype <host/web>    设置批量查询的API接口(默认为HOST)
[2025-01-15 11:31:19] 非合法域名地址，请检查域名格式！

[2025-01-15 11:31:19] Domain Address：    timeout <num>       设置Kunyu HTTP请求的超时时间
[2025-01-15 11:31:19] 非合法域名地址，请检查域名格式！

[2025-01-15 11:31:19] Domain Address：    thread              设置PupilSearch线程数量(默认为10)
[2025-01-15 11:31:19] 非合法域名地址，请检查域名格式！

[2025-01-15 11:31:19] Domain Address：    deep                设置PupilSearch递归深度(默认为2)
[2025-01-15 11:31:19] 非合法域名地址，请检查域名格式！

[2025-01-15 11:31:19] Domain Address：    all                 PupilSearch Add All Url To Check List
[2025-01-15 11:31:19] 非合法域名地址，请检查域名格式！

[2025-01-15 11:31:19] Domain Address：    fuzz                PupilSearch Add Api To Check List
[2025-01-15 11:31:19] 非合法域名地址，请检查域名格式！

[2025-01-15 11:31:19] Domain Address：    proxy               PupilSearch HTTP Proxy
[2025-01-15 11:31:19] 非合法域名地址，请检查域名格式！

[2025-01-15 11:32:31] 域名或文件路径不能为空，请指定参数！
[2025-01-15 11:32:47] Domain Address：www.baidu.com
[2025-01-15 11:32:48] [*] 域名指向多个IP地址，且不在同一网段，该域名可能使用了CDN技术 
[2025-01-15 11:32:52] Domain Address：www.baidu.com
[2025-01-15 11:32:52] [*] 域名指向多个IP地址，且不在同一网段，该域名可能使用了CDN技术 
[2025-01-15 11:32:59] Domain Address：www.baidu.com
[2025-01-15 11:32:59] [*] 域名指向多个IP地址，且不在同一网段，该域名可能使用了CDN技术 
[2025-01-15 11:33:02] [*] 域名CNAME命中指纹:百度旗下业务地域负载均衡系统
[2025-01-15 11:33:02] 目标域名可能使用CDN服务！

[2025-01-15 11:33:02] Domain Address：www.aliyun.com
[2025-01-15 11:33:03] [*] 域名指向多个IP地址，且不在同一网段，该域名可能使用了CDN技术 
[2025-01-15 11:33:03] [*] 目标IP节点HTTPS证书中存在CDN敏感关键字: 阿里云 CDN
[2025-01-15 11:33:03] [*] 域名CNAME存在CDN关键字
[2025-01-15 11:33:03] [*] 域名CNAME命中指纹:阿里云 CDN
[2025-01-15 11:33:03] 目标域名可能使用CDN服务！

[2025-01-15 11:33:03] Domain Address：youtube.com
[2025-01-15 11:33:03] [*] 域名指向多个IP地址，且不在同一网段，该域名可能使用了CDN技术 
[2025-01-15 11:33:10] 目标域名可能使用CDN服务！

[2025-01-15 11:33:10] Domain Address：jd.com
[2025-01-15 11:33:10] [*] 域名指向多个IP地址，且不在同一网段，该域名可能使用了CDN技术 
[2025-01-15 11:33:11] 目标域名可能使用CDN服务！

[2025-01-15 11:36:08] Domain Address：www.baidu.com
[2025-01-15 11:36:09] [*] 域名指向多个IP地址，且不在同一网段，该域名可能使用了CDN技术 
[2025-01-15 11:36:12] [*] 域名CNAME命中指纹:百度旗下业务地域负载均衡系统
[2025-01-15 11:36:12] 目标域名可能使用CDN服务！

